{"level":"info","message":"Listening on port 8081..."}
{"level":"info","message":"Connected to mongodb://mongo:27017/MERN..."}
{"level":"error","message":"secret option required for sessions secret option required for sessions","stack":"Error: secret option required for sessions\n    at session (/app/node_modules/express-session/index.js:200:12)\n    at newFn (/app/node_modules/express-async-errors/index.js:16:20)\n    at Layer.handle [as handle_request] (/app/node_modules/express/lib/router/layer.js:95:5)\n    at trim_prefix (/app/node_modules/express/lib/router/index.js:328:13)\n    at /app/node_modules/express/lib/router/index.js:286:9\n    at Function.process_params (/app/node_modules/express/lib/router/index.js:346:12)\n    at next (/app/node_modules/express/lib/router/index.js:280:10)\n    at /app/node_modules/express-rate-limit/dist/index.cjs:695:7\n    at processTicksAndRejections (node:internal/process/task_queues:95:5)\n    at /app/node_modules/express-rate-limit/dist/index.cjs:611:5"}
{"level":"error","message":"secret option required for sessions secret option required for sessions","stack":"Error: secret option required for sessions\n    at session (/app/node_modules/express-session/index.js:200:12)\n    at newFn (/app/node_modules/express-async-errors/index.js:16:20)\n    at Layer.handle [as handle_request] (/app/node_modules/express/lib/router/layer.js:95:5)\n    at trim_prefix (/app/node_modules/express/lib/router/index.js:328:13)\n    at /app/node_modules/express/lib/router/index.js:286:9\n    at Function.process_params (/app/node_modules/express/lib/router/index.js:346:12)\n    at next (/app/node_modules/express/lib/router/index.js:280:10)\n    at /app/node_modules/express-rate-limit/dist/index.cjs:695:7\n    at processTicksAndRejections (node:internal/process/task_queues:95:5)\n    at /app/node_modules/express-rate-limit/dist/index.cjs:611:5"}
{"level":"error","message":"secret option required for sessions secret option required for sessions","stack":"Error: secret option required for sessions\n    at session (/app/node_modules/express-session/index.js:200:12)\n    at newFn (/app/node_modules/express-async-errors/index.js:16:20)\n    at Layer.handle [as handle_request] (/app/node_modules/express/lib/router/layer.js:95:5)\n    at trim_prefix (/app/node_modules/express/lib/router/index.js:328:13)\n    at /app/node_modules/express/lib/router/index.js:286:9\n    at Function.process_params (/app/node_modules/express/lib/router/index.js:346:12)\n    at next (/app/node_modules/express/lib/router/index.js:280:10)\n    at /app/node_modules/express-rate-limit/dist/index.cjs:695:7\n    at processTicksAndRejections (node:internal/process/task_queues:95:5)\n    at /app/node_modules/express-rate-limit/dist/index.cjs:611:5"}
{"level":"error","message":"secret option required for sessions secret option required for sessions","stack":"Error: secret option required for sessions\n    at session (/app/node_modules/express-session/index.js:200:12)\n    at newFn (/app/node_modules/express-async-errors/index.js:16:20)\n    at Layer.handle [as handle_request] (/app/node_modules/express/lib/router/layer.js:95:5)\n    at trim_prefix (/app/node_modules/express/lib/router/index.js:328:13)\n    at /app/node_modules/express/lib/router/index.js:286:9\n    at Function.process_params (/app/node_modules/express/lib/router/index.js:346:12)\n    at next (/app/node_modules/express/lib/router/index.js:280:10)\n    at /app/node_modules/express-rate-limit/dist/index.cjs:695:7\n    at processTicksAndRejections (node:internal/process/task_queues:95:5)\n    at /app/node_modules/express-rate-limit/dist/index.cjs:611:5"}
{"level":"error","message":"secret option required for sessions secret option required for sessions","stack":"Error: secret option required for sessions\n    at session (/app/node_modules/express-session/index.js:200:12)\n    at newFn (/app/node_modules/express-async-errors/index.js:16:20)\n    at Layer.handle [as handle_request] (/app/node_modules/express/lib/router/layer.js:95:5)\n    at trim_prefix (/app/node_modules/express/lib/router/index.js:328:13)\n    at /app/node_modules/express/lib/router/index.js:286:9\n    at Function.process_params (/app/node_modules/express/lib/router/index.js:346:12)\n    at next (/app/node_modules/express/lib/router/index.js:280:10)\n    at /app/node_modules/express-rate-limit/dist/index.cjs:695:7\n    at processTicksAndRejections (node:internal/process/task_queues:95:5)\n    at /app/node_modules/express-rate-limit/dist/index.cjs:611:5"}
{"level":"error","message":"secret option required for sessions secret option required for sessions","stack":"Error: secret option required for sessions\n    at session (/app/node_modules/express-session/index.js:200:12)\n    at newFn (/app/node_modules/express-async-errors/index.js:16:20)\n    at Layer.handle [as handle_request] (/app/node_modules/express/lib/router/layer.js:95:5)\n    at trim_prefix (/app/node_modules/express/lib/router/index.js:328:13)\n    at /app/node_modules/express/lib/router/index.js:286:9\n    at Function.process_params (/app/node_modules/express/lib/router/index.js:346:12)\n    at next (/app/node_modules/express/lib/router/index.js:280:10)\n    at /app/node_modules/express-rate-limit/dist/index.cjs:695:7\n    at processTicksAndRejections (node:internal/process/task_queues:95:5)\n    at /app/node_modules/express-rate-limit/dist/index.cjs:611:5"}
{"level":"info","message":"Listening on port 8081..."}
{"level":"info","message":"Connected to mongodb://mongo:27017/MERN..."}
{"level":"error","message":"secret option required for sessions secret option required for sessions","stack":"Error: secret option required for sessions\n    at session (/app/node_modules/express-session/index.js:200:12)\n    at newFn (/app/node_modules/express-async-errors/index.js:16:20)\n    at Layer.handle [as handle_request] (/app/node_modules/express/lib/router/layer.js:95:5)\n    at trim_prefix (/app/node_modules/express/lib/router/index.js:328:13)\n    at /app/node_modules/express/lib/router/index.js:286:9\n    at Function.process_params (/app/node_modules/express/lib/router/index.js:346:12)\n    at next (/app/node_modules/express/lib/router/index.js:280:10)\n    at /app/node_modules/express-rate-limit/dist/index.cjs:695:7\n    at processTicksAndRejections (node:internal/process/task_queues:95:5)\n    at /app/node_modules/express-rate-limit/dist/index.cjs:611:5"}
{"level":"error","message":"secret option required for sessions secret option required for sessions","stack":"Error: secret option required for sessions\n    at session (/app/node_modules/express-session/index.js:200:12)\n    at newFn (/app/node_modules/express-async-errors/index.js:16:20)\n    at Layer.handle [as handle_request] (/app/node_modules/express/lib/router/layer.js:95:5)\n    at trim_prefix (/app/node_modules/express/lib/router/index.js:328:13)\n    at /app/node_modules/express/lib/router/index.js:286:9\n    at Function.process_params (/app/node_modules/express/lib/router/index.js:346:12)\n    at next (/app/node_modules/express/lib/router/index.js:280:10)\n    at /app/node_modules/express-rate-limit/dist/index.cjs:695:7\n    at processTicksAndRejections (node:internal/process/task_queues:95:5)\n    at /app/node_modules/express-rate-limit/dist/index.cjs:611:5"}
{"level":"info","message":"Listening on port 8081..."}
{"level":"info","message":"Connected to mongodb://mongo:27017/MERN..."}
{"level":"info","message":"Listening on port 3900..."}
{"level":"info","message":"Listening on port 3900..."}
{"level":"info","message":"Connected to mongodb+srv://filip:Bigant!2023@cluster0.lqrbqyn.mongodb.net/..."}
{"level":"info","message":"Listening on port 8081..."}
{"level":"error","message":"secret option required for sessions secret option required for sessions","stack":"Error: secret option required for sessions\n    at session (F:\\Assessment\\MERN\\server\\node_modules\\express-session\\index.js:200:12)\n    at newFn (F:\\Assessment\\MERN\\server\\node_modules\\express-async-errors\\index.js:16:20)\n    at Layer.handle [as handle_request] (F:\\Assessment\\MERN\\server\\node_modules\\express\\lib\\router\\layer.js:95:5)\n    at trim_prefix (F:\\Assessment\\MERN\\server\\node_modules\\express\\lib\\router\\index.js:328:13)\n    at F:\\Assessment\\MERN\\server\\node_modules\\express\\lib\\router\\index.js:286:9\n    at Function.process_params (F:\\Assessment\\MERN\\server\\node_modules\\express\\lib\\router\\index.js:346:12)\n    at next (F:\\Assessment\\MERN\\server\\node_modules\\express\\lib\\router\\index.js:280:10)\n    at F:\\Assessment\\MERN\\server\\node_modules\\express-rate-limit\\dist\\index.cjs:695:7\n    at processTicksAndRejections (node:internal/process/task_queues:95:5)\n    at F:\\Assessment\\MERN\\server\\node_modules\\express-rate-limit\\dist\\index.cjs:611:5"}
{"level":"info","message":"Connected to mongodb+srv://filip:Bigant!2023@cluster0.lqrbqyn.mongodb.net/..."}
{"level":"info","message":"Listening on port 8081..."}
{"level":"info","message":"Listening on port 8081..."}
{"level":"info","message":"Connected to mongodb+srv://filip:Bigant!2023@cluster0.lqrbqyn.mongodb.net/..."}
{"level":"info","message":"Listening on port 8081..."}
{"level":"info","message":"Connected to mongodb+srv://filip:Bigant!2023@cluster0.lqrbqyn.mongodb.net/..."}
{"level":"info","message":"Listening on port 8081..."}
{"level":"info","message":"Connected to mongodb+srv://filip:Bigant!2023@cluster0.lqrbqyn.mongodb.net/..."}
{"level":"info","message":"Listening on port 8081..."}
{"level":"info","message":"Connected to mongodb+srv://filip:Bigant!2023@cluster0.lqrbqyn.mongodb.net/..."}
{"level":"info","message":"Listening on port 8081..."}
{"level":"info","message":"Connected to mongodb+srv://filip:Bigant!2023@cluster0.lqrbqyn.mongodb.net/..."}
{"level":"error","message":"Model.findOne() no longer accepts a callback Model.findOne() no longer accepts a callback","stack":"MongooseError: Model.findOne() no longer accepts a callback\n    at Function.findOne (F:\\Assessment\\MERN\\server\\node_modules\\mongoose\\lib\\model.js:2189:11)\n    at Strategy._verify (F:\\Assessment\\MERN\\server\\startup\\passport.ts:9:12)\n    at Strategy.authenticate (F:\\Assessment\\MERN\\server\\node_modules\\passport-local\\lib\\strategy.js:90:12)\n    at attempt (F:\\Assessment\\MERN\\server\\node_modules\\passport\\lib\\middleware\\authenticate.js:369:16)\n    at authenticate (F:\\Assessment\\MERN\\server\\node_modules\\passport\\lib\\middleware\\authenticate.js:370:7)\n    at postLogin (F:\\Assessment\\MERN\\server\\controllers\\auth.controller.ts:41:5)\n    at newFn (F:\\Assessment\\MERN\\server\\node_modules\\express-async-errors\\index.js:16:20)\n    at Layer.handle [as handle_request] (F:\\Assessment\\MERN\\server\\node_modules\\express\\lib\\router\\layer.js:95:5)\n    at next (F:\\Assessment\\MERN\\server\\node_modules\\express\\lib\\router\\route.js:144:13)\n    at Route.dispatch (F:\\Assessment\\MERN\\server\\node_modules\\express\\lib\\router\\route.js:114:3)"}
{"level":"info","message":"Listening on port 8081..."}
{"level":"info","message":"Connected to mongodb+srv://filip:Bigant!2023@cluster0.lqrbqyn.mongodb.net/..."}
{"level":"info","message":"Listening on port 8081..."}
{"level":"info","message":"Connected to mongodb+srv://filip:Bigant!2023@cluster0.lqrbqyn.mongodb.net/..."}
{"level":"info","message":"Listening on port 8081..."}
{"level":"info","message":"Connected to mongodb+srv://filip:Bigant!2023@cluster0.lqrbqyn.mongodb.net/..."}
{"level":"info","message":"Listening on port 8081..."}
{"level":"info","message":"Connected to mongodb+srv://filip:Bigant!2023@cluster0.lqrbqyn.mongodb.net/..."}
{"level":"info","message":"Listening on port 8081..."}
{"level":"info","message":"Connected to mongodb+srv://filip:Bigant!2023@cluster0.lqrbqyn.mongodb.net/..."}
{"level":"info","message":"Listening on port 8081..."}
{"level":"error","message":"connect ECONNREFUSED ::1:27017, connect ECONNREFUSED 127.0.0.1:27017","reason":{"commonWireVersion":0,"compatible":true,"heartbeatFrequencyMS":10000,"localThresholdMS":15,"logicalSessionTimeoutMinutes":null,"maxElectionId":null,"maxSetVersion":null,"servers":{},"setName":null,"stale":false,"type":"Unknown"}}
{"level":"info","message":"Listening on port 8081..."}
{"level":"error","message":"connect ECONNREFUSED ::1:27017, connect ECONNREFUSED 127.0.0.1:27017","reason":{"commonWireVersion":0,"compatible":true,"heartbeatFrequencyMS":10000,"localThresholdMS":15,"logicalSessionTimeoutMinutes":null,"maxElectionId":null,"maxSetVersion":null,"servers":{},"setName":null,"stale":false,"type":"Unknown"}}
{"level":"info","message":"Listening on port 8081..."}
{"level":"error","message":"connect ECONNREFUSED ::1:27017, connect ECONNREFUSED 127.0.0.1:27017","reason":{"commonWireVersion":0,"compatible":true,"heartbeatFrequencyMS":10000,"localThresholdMS":15,"logicalSessionTimeoutMinutes":null,"maxElectionId":null,"maxSetVersion":null,"servers":{},"setName":null,"stale":false,"type":"Unknown"}}
{"level":"info","message":"Listening on port 8081..."}
{"level":"info","message":"Connected to mongodb+srv://filip:Bigant!2023@cluster0.lqrbqyn.mongodb.net/..."}
{"level":"info","message":"Connected to mongodb+srv://filip:Bigant!2023@cluster0.lqrbqyn.mongodb.net/..."}
{"level":"info","message":"Listening on port 8081..."}
{"level":"info","message":"Connected to mongodb+srv://filip:Bigant!2023@cluster0.lqrbqyn.mongodb.net/..."}
{"level":"info","message":"Connected to mongodb+srv://filip:Bigant!2023@cluster0.lqrbqyn.mongodb.net/..."}
{"level":"info","message":"Connected to mongodb+srv://filip:Bigant!2023@cluster0.lqrbqyn.mongodb.net/..."}
{"level":"info","message":"Listening on port 8081..."}
{"level":"info","message":"Connected to mongodb+srv://filip:Bigant!2023@cluster0.lqrbqyn.mongodb.net/..."}
{"level":"info","message":"Listening on port 8081..."}
{"level":"info","message":"Connected to mongodb+srv://filip:Bigant!2023@cluster0.lqrbqyn.mongodb.net/..."}
{"level":"error","message":"Model.findOne() no longer accepts a callback Model.findOne() no longer accepts a callback","stack":"MongooseError: Model.findOne() no longer accepts a callback\n    at Function.findOne (F:\\Assessment\\MERN\\server\\node_modules\\mongoose\\lib\\model.js:2189:11)\n    at Strategy._verify (F:\\Assessment\\MERN\\server\\startup\\passport.ts:9:12)\n    at Strategy.authenticate (F:\\Assessment\\MERN\\server\\node_modules\\passport-local\\lib\\strategy.js:90:12)\n    at attempt (F:\\Assessment\\MERN\\server\\node_modules\\passport\\lib\\middleware\\authenticate.js:369:16)\n    at authenticate (F:\\Assessment\\MERN\\server\\node_modules\\passport\\lib\\middleware\\authenticate.js:370:7)\n    at postLogin (F:\\Assessment\\MERN\\server\\controllers\\auth.controller.ts:37:5)\n    at newFn (F:\\Assessment\\MERN\\server\\node_modules\\express-async-errors\\index.js:16:20)\n    at Layer.handle [as handle_request] (F:\\Assessment\\MERN\\server\\node_modules\\express\\lib\\router\\layer.js:95:5)\n    at next (F:\\Assessment\\MERN\\server\\node_modules\\express\\lib\\router\\route.js:144:13)\n    at Route.dispatch (F:\\Assessment\\MERN\\server\\node_modules\\express\\lib\\router\\route.js:114:3)"}
{"level":"info","message":"Listening on port 8081..."}
{"level":"info","message":"Listening on port 8081..."}
{"level":"info","message":"Connected to mongodb+srv://filip:Bigant!2023@cluster0.lqrbqyn.mongodb.net/..."}
{"level":"info","message":"Listening on port 8081..."}
{"level":"info","message":"Connected to mongodb+srv://filip:Bigant!2023@cluster0.lqrbqyn.mongodb.net/..."}
{"level":"info","message":"Listening on port 8081..."}
{"level":"info","message":"Connected to mongodb+srv://filip:Bigant!2023@cluster0.lqrbqyn.mongodb.net/..."}
{"level":"info","message":"Listening on port 8081..."}
{"level":"info","message":"Connected to mongodb+srv://filip:Bigant!2023@cluster0.lqrbqyn.mongodb.net/..."}
{"level":"info","message":"Listening on port 8081..."}
{"level":"info","message":"Listening on port 8081..."}
{"level":"info","message":"Connected to mongodb+srv://filip:Bigant!2023@cluster0.lqrbqyn.mongodb.net/..."}
{"level":"info","message":"Listening on port 8081..."}
{"level":"info","message":"Connected to mongodb+srv://filip:Bigant!2023@cluster0.lqrbqyn.mongodb.net/..."}
{"level":"info","message":"Listening on port 8081..."}
{"level":"info","message":"Connected to mongodb+srv://filip:Bigant!2023@cluster0.lqrbqyn.mongodb.net/..."}
{"level":"error","message":"Cannot read properties of undefined (reading 'toLowerCase') Cannot read properties of undefined (reading 'toLowerCase')","stack":"TypeError: Cannot read properties of undefined (reading 'toLowerCase')\n    at postLogin (F:\\Assessment\\MERN\\server\\controllers\\auth.controller.ts:16:47)\n    at newFn (F:\\Assessment\\MERN\\server\\node_modules\\express-async-errors\\index.js:16:20)\n    at Layer.handle [as handle_request] (F:\\Assessment\\MERN\\server\\node_modules\\express\\lib\\router\\layer.js:95:5)\n    at next (F:\\Assessment\\MERN\\server\\node_modules\\express\\lib\\router\\route.js:144:13)\n    at Route.dispatch (F:\\Assessment\\MERN\\server\\node_modules\\express\\lib\\router\\route.js:114:3)\n    at newFn (F:\\Assessment\\MERN\\server\\node_modules\\express-async-errors\\index.js:16:20)\n    at Layer.handle [as handle_request] (F:\\Assessment\\MERN\\server\\node_modules\\express\\lib\\router\\layer.js:95:5)\n    at F:\\Assessment\\MERN\\server\\node_modules\\express\\lib\\router\\index.js:284:15\n    at Function.process_params (F:\\Assessment\\MERN\\server\\node_modules\\express\\lib\\router\\index.js:346:12)\n    at next (F:\\Assessment\\MERN\\server\\node_modules\\express\\lib\\router\\index.js:280:10)"}
{"level":"info","message":"Listening on port 8081..."}
{"level":"info","message":"Connected to mongodb+srv://filip:Bigant!2023@cluster0.lqrbqyn.mongodb.net/..."}
{"level":"info","message":"Listening on port 8081..."}
{"level":"info","message":"Connected to mongodb+srv://filip:Bigant!2023@cluster0.lqrbqyn.mongodb.net/..."}
{"level":"info","message":"Listening on port 8081..."}
{"level":"info","message":"Connected to mongodb+srv://filip:Bigant!2023@cluster0.lqrbqyn.mongodb.net/..."}
{"level":"info","message":"Listening on port 8081..."}
{"level":"info","message":"Connected to mongodb+srv://filip:Bigant!2023@cluster0.lqrbqyn.mongodb.net/..."}
{"level":"info","message":"Listening on port 8081..."}
{"level":"info","message":"Connected to mongodb+srv://filip:Bigant!2023@cluster0.lqrbqyn.mongodb.net/..."}
{"level":"info","message":"Listening on port 8081..."}
{"level":"info","message":"Connected to mongodb+srv://filip:Bigant!2023@cluster0.lqrbqyn.mongodb.net/..."}
{"level":"info","message":"Listening on port 8081..."}
{"level":"info","message":"Connected to mongodb+srv://filip:Bigant!2023@cluster0.lqrbqyn.mongodb.net/..."}
{"level":"info","message":"Listening on port 8081..."}
{"level":"info","message":"Connected to mongodb+srv://filip:Bigant!2023@cluster0.lqrbqyn.mongodb.net/..."}
{"level":"info","message":"Listening on port 8081..."}
{"level":"info","message":"Connected to mongodb+srv://filip:Bigant!2023@cluster0.lqrbqyn.mongodb.net/..."}
{"level":"info","message":"Listening on port 8081..."}
{"level":"info","message":"Connected to mongodb+srv://filip:Bigant!2023@cluster0.lqrbqyn.mongodb.net/..."}
{"level":"info","message":"Listening on port 8081..."}
{"level":"info","message":"Connected to mongodb+srv://filip:Bigant!2023@cluster0.lqrbqyn.mongodb.net/..."}
{"level":"info","message":"Listening on port 8081..."}
{"level":"info","message":"Connected to mongodb+srv://filip:Bigant!2023@cluster0.lqrbqyn.mongodb.net/..."}
{"level":"info","message":"Listening on port 8081..."}
{"level":"info","message":"Connected to mongodb+srv://filip:Bigant!2023@cluster0.lqrbqyn.mongodb.net/..."}
{"level":"info","message":"Listening on port 8081..."}
{"level":"error","message":"user_model_1.default.createStrategy is not a function user_model_1.default.createStrategy is not a function","stack":"TypeError: user_model_1.default.createStrategy is not a function\n    at postLogin (F:\\Assessment\\MERN\\server\\controllers\\auth.controller.ts:13:21)\n    at newFn (F:\\Assessment\\MERN\\server\\node_modules\\express-async-errors\\index.js:16:20)\n    at Layer.handle [as handle_request] (F:\\Assessment\\MERN\\server\\node_modules\\express\\lib\\router\\layer.js:95:5)\n    at next (F:\\Assessment\\MERN\\server\\node_modules\\express\\lib\\router\\route.js:144:13)\n    at Route.dispatch (F:\\Assessment\\MERN\\server\\node_modules\\express\\lib\\router\\route.js:114:3)\n    at newFn (F:\\Assessment\\MERN\\server\\node_modules\\express-async-errors\\index.js:16:20)\n    at Layer.handle [as handle_request] (F:\\Assessment\\MERN\\server\\node_modules\\express\\lib\\router\\layer.js:95:5)\n    at F:\\Assessment\\MERN\\server\\node_modules\\express\\lib\\router\\index.js:284:15\n    at Function.process_params (F:\\Assessment\\MERN\\server\\node_modules\\express\\lib\\router\\index.js:346:12)\n    at next (F:\\Assessment\\MERN\\server\\node_modules\\express\\lib\\router\\index.js:280:10)"}
{"level":"info","message":"Connected to mongodb+srv://filip:Bigant!2023@cluster0.lqrbqyn.mongodb.net/..."}
{"level":"info","message":"Listening on port 8081..."}
{"level":"info","message":"Connected to mongodb+srv://filip:Bigant!2023@cluster0.lqrbqyn.mongodb.net/..."}
{"level":"error","message":"Model.findOne() no longer accepts a callback Model.findOne() no longer accepts a callback","stack":"MongooseError: Model.findOne() no longer accepts a callback\n    at Function.findOne (F:\\Assessment\\MERN\\server\\node_modules\\mongoose\\lib\\model.js:2189:11)\n    at Strategy._verify (F:\\Assessment\\MERN\\server\\startup\\passport.ts:9:12)\n    at Strategy.authenticate (F:\\Assessment\\MERN\\server\\node_modules\\passport-local\\lib\\strategy.js:90:12)\n    at attempt (F:\\Assessment\\MERN\\server\\node_modules\\passport\\lib\\middleware\\authenticate.js:369:16)\n    at authenticate (F:\\Assessment\\MERN\\server\\node_modules\\passport\\lib\\middleware\\authenticate.js:370:7)\n    at postLogin (F:\\Assessment\\MERN\\server\\controllers\\auth.controller.ts:30:5)\n    at newFn (F:\\Assessment\\MERN\\server\\node_modules\\express-async-errors\\index.js:16:20)\n    at Layer.handle [as handle_request] (F:\\Assessment\\MERN\\server\\node_modules\\express\\lib\\router\\layer.js:95:5)\n    at next (F:\\Assessment\\MERN\\server\\node_modules\\express\\lib\\router\\route.js:144:13)\n    at Route.dispatch (F:\\Assessment\\MERN\\server\\node_modules\\express\\lib\\router\\route.js:114:3)"}
{"level":"info","message":"Listening on port 8081..."}
{"level":"info","message":"Connected to mongodb+srv://filip:Bigant!2023@cluster0.lqrbqyn.mongodb.net/..."}
{"level":"info","message":"Listening on port 8081..."}
{"level":"info","message":"Connected to mongodb+srv://filip:Bigant!2023@cluster0.lqrbqyn.mongodb.net/..."}
{"level":"info","message":"Listening on port 8081..."}
{"level":"info","message":"Connected to mongodb+srv://filip:Bigant!2023@cluster0.lqrbqyn.mongodb.net/..."}
{"level":"info","message":"Listening on port 8081..."}
{"level":"info","message":"Connected to mongodb+srv://filip:Bigant!2023@cluster0.lqrbqyn.mongodb.net/..."}
{"level":"info","message":"Listening on port 8081..."}
{"level":"info","message":"Connected to mongodb+srv://filip:Bigant!2023@cluster0.lqrbqyn.mongodb.net/..."}
